<?xml version="1.0" encoding="UTF-8"?>
<!-- Generated by org.testng.reporters.JUnitReportReporter -->
<testsuite hostname="RPIPL2-HE-DV015" failures="0" tests="1" name="com.realpage.qa.affordable.prospects_testcases.GettingProspectsData" time="65.316" errors="0" timestamp="22 May 2018 13:28:13 GMT">
  <testcase classname="com.realpage.qa.affordable.prospects_testcases.GettingProspectsData" name="displayProspectData" time="65.316"/>
</testsuite> <!-- com.realpage.qa.affordable.prospects_testcases.GettingProspectsData -->
