<?xml version="1.0" encoding="UTF-8"?>
<!-- Generated by org.testng.reporters.JUnitReportReporter -->
<testsuite hostname="RPIPL2-HE-DV015" failures="0" tests="1" name="com.realpage.qa.affordable.prospects_testcases.SearchProspectByName" time="57.751" errors="0" timestamp="22 May 2018 13:39:24 GMT">
  <testcase classname="com.realpage.qa.affordable.prospects_testcases.SearchProspectByName" name="displayProspectData" time="57.751"/>
</testsuite> <!-- com.realpage.qa.affordable.prospects_testcases.SearchProspectByName -->
