<?xml version="1.0" encoding="UTF-8"?>
<!-- Generated by org.testng.reporters.JUnitReportReporter -->
<testsuite hostname="RPIPL2-HE-DV015" failures="1" tests="1" name="com.realpage.qa.affordable.prospects_testcases.CreateMultipleProspectsUsingDataDriven" time="0.510" errors="0" timestamp="12 May 2018 08:31:12 GMT">
  <testcase classname="com.realpage.qa.affordable.prospects_testcases.CreateMultipleProspectsUsingDataDriven" name="createMultipleProspects" time="0.510">
    <failure message="java.base/java.util.ArrayList cannot be cast to java.base/[Ljava.lang.Object;" type="java.lang.ClassCastException">
      <![CDATA[java.lang.ClassCastException: java.base/java.util.ArrayList cannot be cast to java.base/[Ljava.lang.Object;
	at org.testng.internal.Invoker.invokeTestMethods(Invoker.java:1225)
	at org.testng.internal.TestMethodWorker.invokeTestMethods(TestMethodWorker.java:127)
	at org.testng.internal.TestMethodWorker.run(TestMethodWorker.java:111)
	at org.testng.TestRunner.privateRun(TestRunner.java:767)
	at org.testng.TestRunner.run(TestRunner.java:617)
	at org.testng.SuiteRunner.runTest(SuiteRunner.java:334)
	at org.testng.SuiteRunner.runSequentially(SuiteRunner.java:329)
	at org.testng.SuiteRunner.privateRun(SuiteRunner.java:291)
	at org.testng.SuiteRunner.run(SuiteRunner.java:240)
	at org.testng.SuiteRunnerWorker.runSuite(SuiteRunnerWorker.java:52)
	at org.testng.SuiteRunnerWorker.run(SuiteRunnerWorker.java:86)
	at org.testng.TestNG.runSuitesSequentially(TestNG.java:1198)
	at org.testng.TestNG.runSuitesLocally(TestNG.java:1123)
	at org.testng.TestNG.run(TestNG.java:1031)
	at org.testng.remote.AbstractRemoteTestNG.run(AbstractRemoteTestNG.java:114)
	at org.testng.remote.RemoteTestNG.initAndRun(RemoteTestNG.java:251)
	at org.testng.remote.RemoteTestNG.main(RemoteTestNG.java:77)
]]>
    </failure>
  </testcase> <!-- createMultipleProspects -->
</testsuite> <!-- com.realpage.qa.affordable.prospects_testcases.CreateMultipleProspectsUsingDataDriven -->
