<?xml version="1.0" encoding="UTF-8"?>
<!-- Generated by org.testng.reporters.JUnitReportReporter -->
<testsuite hostname="RPIPL2-HE-DV015" failures="0" tests="1" name="com.realpage.qa.affordable.testscripts.ProspectsPageTests" time="57.596" errors="0" timestamp="9 Apr 2018 13:25:56 GMT">
  <testcase classname="com.realpage.qa.affordable.testscripts.ProspectsPageTests" name="verifyHomePageTitleTest" time="57.596"/>
</testsuite> <!-- com.realpage.qa.affordable.testscripts.ProspectsPageTests -->
